TN:
SF:app/proxy.js
FN:61,getNextRtpengineWorker
FN:68,rtpengineOffer
FN:121,rtpengineAnswer
FN:172,rtpengineDelete
FN:215,filterSdpForAsterisk
FN:226,(anonymous_5)
FN:234,filterSdpForBrowser
FN:247,(anonymous_7)
FN:266,(anonymous_8)
FN:280,(anonymous_9)
FN:296,(anonymous_10)
FN:300,(anonymous_11)
FN:348,(anonymous_12)
FN:398,(anonymous_13)
FN:407,(anonymous_14)
FN:424,(anonymous_15)
FN:444,(anonymous_16)
FN:465,(anonymous_17)
FN:469,(anonymous_18)
FN:474,(anonymous_19)
FN:480,(anonymous_20)
FN:488,(anonymous_21)
FNF:22
FNH:22
FNDA:2,getNextRtpengineWorker
FNDA:7,rtpengineOffer
FNDA:1,rtpengineAnswer
FNDA:6,rtpengineDelete
FNDA:9,filterSdpForAsterisk
FNDA:9,(anonymous_5)
FNDA:3,filterSdpForBrowser
FNDA:3,(anonymous_7)
FNDA:2,(anonymous_8)
FNDA:2,(anonymous_9)
FNDA:14,(anonymous_10)
FNDA:8,(anonymous_11)
FNDA:2,(anonymous_12)
FNDA:1,(anonymous_13)
FNDA:1,(anonymous_14)
FNDA:3,(anonymous_15)
FNDA:2,(anonymous_16)
FNDA:1,(anonymous_17)
FNDA:1,(anonymous_18)
FNDA:32,(anonymous_19)
FNDA:33,(anonymous_20)
FNDA:33,(anonymous_21)
DA:1,33
DA:2,33
DA:3,33
DA:4,33
DA:5,33
DA:6,33
DA:8,33
DA:11,33
DA:27,33
DA:34,33
DA:53,33
DA:58,33
DA:62,2
DA:63,2
DA:64,2
DA:69,7
DA:71,7
DA:86,6
DA:88,2
DA:93,2
DA:94,2
DA:95,2
DA:110,2
DA:112,1
DA:116,1
DA:122,1
DA:124,1
DA:138,1
DA:140,0
DA:145,0
DA:146,0
DA:147,0
DA:161,0
DA:163,0
DA:167,0
DA:173,6
DA:175,6
DA:186,1
DA:191,1
DA:192,3
DA:193,3
DA:203,0
DA:205,3
DA:217,9
DA:220,9
DA:221,9
DA:224,9
DA:227,9
DA:231,9
DA:236,3
DA:239,3
DA:240,3
DA:241,3
DA:242,3
DA:245,3
DA:248,3
DA:252,3
DA:256,33
DA:259,33
DA:260,33
DA:261,33
DA:262,33
DA:263,33
DA:266,33
DA:267,2
DA:280,33
DA:281,2
DA:296,33
DA:297,14
DA:300,14
DA:301,8
DA:302,8
DA:303,7
DA:304,7
DA:306,7
DA:307,7
DA:310,7
DA:311,7
DA:314,7
DA:315,7
DA:321,7
DA:322,7
DA:323,6
DA:325,1
DA:326,1
DA:330,7
DA:331,7
DA:336,7
DA:348,7
DA:349,2
DA:350,2
DA:351,2
DA:353,2
DA:355,1
DA:356,1
DA:365,1
DA:366,1
DA:370,1
DA:372,0
DA:373,0
DA:377,1
DA:378,1
DA:383,1
DA:384,1
DA:386,1
DA:387,1
DA:390,1
DA:393,0
DA:398,7
DA:399,1
DA:400,1
DA:403,1
DA:407,7
DA:408,1
DA:409,1
DA:412,1
DA:416,7
DA:418,1
DA:419,1
DA:424,14
DA:425,3
DA:426,3
DA:427,2
DA:430,2
DA:433,2
DA:436,2
DA:438,1
DA:439,1
DA:444,14
DA:445,2
DA:446,2
DA:447,1
DA:450,1
DA:453,1
DA:456,1
DA:458,1
DA:459,1
DA:465,33
DA:466,1
DA:469,33
DA:470,1
DA:474,33
DA:475,32
DA:476,32
DA:477,32
DA:480,33
DA:481,33
DA:482,33
DA:483,33
DA:487,33
DA:488,33
DA:489,33
DA:490,33
DA:491,33
DA:492,33
DA:493,33
DA:496,33
LF:157
LH:146
BRDA:12,0,0,33
BRDA:12,0,1,33
BRDA:28,1,0,33
BRDA:28,1,1,33
BRDA:29,2,0,33
BRDA:29,2,1,33
BRDA:30,3,0,33
BRDA:30,3,1,33
BRDA:36,4,0,33
BRDA:36,4,1,33
BRDA:37,5,0,33
BRDA:37,5,1,33
BRDA:41,6,0,33
BRDA:41,6,1,33
BRDA:42,7,0,33
BRDA:42,7,1,33
BRDA:46,8,0,33
BRDA:46,8,1,33
BRDA:47,9,0,33
BRDA:47,9,1,33
BRDA:271,10,0,1
BRDA:271,10,1,1
BRDA:283,11,0,2
BRDA:283,11,1,1
BRDA:284,12,0,2
BRDA:284,12,1,1
BRDA:310,13,0,7
BRDA:310,13,1,7
BRDA:311,14,0,7
BRDA:311,14,1,7
BRDA:340,15,0,7
BRDA:340,15,1,7
BRDA:353,16,0,1
BRDA:353,16,1,1
BRDA:353,17,0,2
BRDA:353,17,1,2
BRDA:384,18,0,1
BRDA:384,18,1,0
BRDA:387,19,0,1
BRDA:387,19,1,0
BRDA:400,20,0,1
BRDA:400,20,1,0
BRDA:409,21,0,1
BRDA:409,21,1,0
BRDA:430,22,0,2
BRDA:430,22,1,1
BRDA:450,23,0,1
BRDA:450,23,1,0
BRDA:487,24,0,33
BRDA:487,24,1,33
BRF:50
BRH:45
end_of_record
